<?xml version="1.0" encoding="UTF-8"?>
<!-- Generated by org.testng.reporters.JUnitReportReporter -->
<testsuite skipped="0" hostname="LAPTOP-MQ58SKIC" name="Tests.students" tests="1" failures="0" timestamp="24 יול 2019 11:31:27 GMT" time="0.818" errors="0">
  <testcase name="test01_VerifyStudentCreated" time="0.818" classname="Tests.students"/>
</testsuite> <!-- Tests.students -->
